This is LuaHBTeX, Version 1.15.0 (TeX Live 2022/Debian)  (format=lualatex 2024.8.15)  9 SEP 2024 09:16
 system commands enabled.
**lesson-15.tex
(./lesson-15.tex
LaTeX2e <2022-11-01> patch level 1
Lua module: luaotfload 2022-10-03 3.23 Lua based OpenType font support
Lua module: lualibs 2022-10-04 2.75 ConTeXt Lua standard libraries.
Lua module: lualibs-extended 2022-10-04 2.75 ConTeXt Lua libraries -- extended c
ollection.
luaotfload | conf : Root cache directory is "/home/alexis/.texlive2022/texmf-var
/luatex-cache/generic/names".
luaotfload | init : Loading fontloader "fontloader-2022-10-03.lua" from kpse-res
olved path "/usr/share/texlive/texmf-dist/tex/luatex/luaotfload/fontloader-2022-
10-03.lua".
Lua-only attribute luaotfload@noligature = 1
luaotfload | init : Context OpenType loader version 3.120
Inserting `luaotfload.node_processor' in `pre_linebreak_filter'.
Inserting `luaotfload.node_processor' in `hpack_filter'.
Inserting `luaotfload.glyph_stream' in `glyph_stream_provider'.
Inserting `luaotfload.define_font' in `define_font'.
Lua-only attribute luaotfload_color_attribute = 2
luaotfload | conf : Root cache directory is "/home/alexis/.texlive2022/texmf-var
/luatex-cache/generic/names".
Inserting `luaotfload.harf.strip_prefix' in `find_opentype_file'.
Inserting `luaotfload.harf.strip_prefix' in `find_truetype_file'.
Removing  `luaotfload.glyph_stream' from `glyph_stream_provider'.
Inserting `luaotfload.harf.glyphstream' in `glyph_stream_provider'.
Inserting `luaotfload.harf.finalize_vlist' in `post_linebreak_filter'.
Inserting `luaotfload.harf.finalize_hlist' in `hpack_filter'.
Inserting `luaotfload.cleanup_files' in `wrapup_run'.
Inserting `luaotfload.harf.finalize_unicode' in `finish_pdffile'.
Inserting `luaotfload.glyphinfo' in `glyph_info'.
Lua-only attribute luaotfload.letterspace_done = 3
Inserting `luaotfload.aux.set_sscale_dimens' in `luaotfload.patch_font'.
Inserting `luaotfload.aux.set_font_index' in `luaotfload.patch_font'.
Inserting `luaotfload.aux.patch_cambria_domh' in `luaotfload.patch_font'.
Inserting `luaotfload.aux.fixup_fontdata' in `luaotfload.patch_font_unsafe'.
Inserting `luaotfload.aux.set_capheight' in `luaotfload.patch_font'.
Inserting `luaotfload.aux.set_xheight' in `luaotfload.patch_font'.
Inserting `luaotfload.rewrite_fontname' in `luaotfload.patch_font'. L3 programm
ing layer <2023-01-16>
Inserting `tracingstacklevels' in `input_level_string'.
! Undefined control sequence.
l.1 \chapter
          {Reducción de datos con IRAF}
The control sequence at the end of the top line
of your error message was never \def'ed. If you have
misspelled it (e.g., `\hobx'), type `I' and the correct
spelling (e.g., `I\hbox'). Otherwise just continue,
and I'll forget about whatever was undefined.


! LaTeX Error: Missing \begin{document}.

See the LaTeX manual or LaTeX Companion for explanation.
Type  H <return>  for immediate help.
 ...                                              
                                                  
l.1 \chapter{R
            educción de datos con IRAF}
You're in trouble here.  Try typing  <return>  to proceed.
If that doesn't work, type  X <return>  to quit.

luaotfload | db : Font names database loaded from /home/alexis/.texlive2022/texm
f-var/luatex-cache/generic/names/luaotfload-names.luc.gz
! Undefined control sequence.
l.2 ... Los datos se encuentran en este enlace: \url
                                                  {https://drive.google.com/...
The control sequence at the end of the top line
of your error message was never \def'ed. If you have
misspelled it (e.g., `\hobx'), type `I' and the correct
spelling (e.g., `I\hbox'). Otherwise just continue,
and I'll forget about whatever was undefined.

! Missing $ inserted.
<inserted text> 
$
l.2 ...ttps://drive.google.com/drive/folders/1TxopD_
                                                  fIa1ZHplm_SH0Gvhe663psuJn-...
I've inserted a begin-math/end-math symbol since I think
you left one out. Proceed, with fingers crossed.

LaTeX Font Info:    External font `cmex10' loaded for size
(Font)              <7> on input line 2.
LaTeX Font Info:    External font `cmex10' loaded for size
(Font)              <5> on input line 2.
! Extra }, or forgotten $.
l.2 ...TxopD_fIa1ZHplm_SH0Gvhe663psuJn-?usp=sharing}
                                                  .
I've deleted a group-closing symbol because it seems to be
spurious, as in `$x}$'. But perhaps the } is legitimate and
you forgot something else, as in `\hbox{$x}'. In such cases
the way to recover is to insert both the forgotten and the
deleted material, e.g., by typing `I$}'.

! Missing $ inserted.
<inserted text> 
$
l.3 
  
I've inserted a begin-math/end-math symbol since I think
you left one out. Proceed, with fingers crossed.


Overfull \hbox (20.0pt too wide) in paragraph at lines 1--3
[]Reducción
 []


Overfull \hbox (11.25002pt too wide) in paragraph at lines 1--3
<<\TU/lmr/m/it/10 vi-
 []


Overfull \hbox (15.59pt too wide) in paragraph at lines 1--3
\TU/lmr/m/it/10 uda
 []


Overfull \hbox (13.8pt too wide) in paragraph at lines 1--3
\TU/lmr/m/it/10 ne-
 []


Overfull \hbox (13.76001pt too wide) in paragraph at lines 1--3
\TU/lmr/m/it/10 gra\nullfont >>.
 []


Overfull \hbox (179.16507pt too wide) in paragraph at lines 1--3
https://drive.google.com/drive/folders/1TxopD$[][]\OML/cmm/m/it/10 Ia\OT1/cmr/m
/n/10 1\OML/cmm/m/it/10 ZHplm[]H\OT1/cmr/m/n/10 0\OML/cmm/m/it/10 Gvhe\OT1/cmr/
m/n/10 663\OML/cmm/m/it/10 psuJn\OMS/cmsy/m/n/10 ^^@\OT1/cmr/m/n/10 ?\OML/cmm/m
/it/10 usp \OT1/cmr/m/n/10 =
 []


Overfull \hbox (37.87807pt too wide) in paragraph at lines 1--3
\OML/cmm/m/it/10 sharing:$ 
 []

! Undefined control sequence.
l.4 \section
          {Combinando imágenes}
The control sequence at the end of the top line
of your error message was never \def'ed. If you have
misspelled it (e.g., `\hobx'), type `I' and the correct
spelling (e.g., `I\hbox'). Otherwise just continue,
and I'll forget about whatever was undefined.


! LaTeX Error: Missing \begin{document}.

See the LaTeX manual or LaTeX Companion for explanation.
Type  H <return>  for immediate help.
 ...                                              
                                                  
l.4 \section{C
            ombinando imágenes}
You're in trouble here.  Try typing  <return>  to proceed.
If that doesn't work, type  X <return>  to quit.

! Undefined control sequence.
l.5 ...IRAF se utilizarán los caracteres <<\norbash
                                                  {-->}>>, como en el siguie...
The control sequence at the end of the top line
of your error message was never \def'ed. If you have
misspelled it (e.g., `\hobx'), type `I' and the correct
spelling (e.g., `I\hbox'). Otherwise just continue,
and I'll forget about whatever was undefined.


Overfull \hbox (20.0pt too wide) in paragraph at lines 4--6
[]Combinando
 []


! LaTeX Error: Environment shell undefined.

See the LaTeX manual or LaTeX Companion for explanation.
Type  H <return>  for immediate help.
 ...                                              
                                                  
l.7 \begin{shell}
               
Your command was ignored.
Type  I <command> <return>  to replace it with another command,
or  <return>  to continue without it.


! LaTeX Error: Missing \begin{document}.

See the LaTeX manual or LaTeX Companion for explanation.
Type  H <return>  for immediate help.
 ...                                              
                                                  
l.8 -
   ->
You're in trouble here.  Try typing  <return>  to proceed.
If that doesn't work, type  X <return>  to quit.


! LaTeX Error: \begin{document} ended by \end{shell}.

See the LaTeX manual or LaTeX Companion for explanation.
Type  H <return>  for immediate help.
 ...                                              
                                                  
l.9 \end{shell}
             
Your command was ignored.
Type  I <command> <return>  to replace it with another command,
or  <return>  to continue without it.


Overfull \hbox (20.0pt too wide) in paragraph at lines 8--10
[]-->
 []


! LaTeX Error: Missing \begin{document}.

See the LaTeX manual or LaTeX Companion for explanation.
Type  H <return>  for immediate help.
 ...                                              
                                                  
l.11 T
    en en cuenta que para utilizar algunos comandos de GNU/Linux dentro de l...
You're in trouble here.  Try typing  <return>  to proceed.
If that doesn't work, type  X <return>  to quit.

! Undefined control sequence.
l.11 ...se necesita anteponer el símbolo <<\norbash
                                                  {!}>> a cada comando. Recu...
The control sequence at the end of the top line
of your error message was never \def'ed. If you have
misspelled it (e.g., `\hobx'), type `I' and the correct
spelling (e.g., `I\hbox'). Otherwise just continue,
and I'll forget about whatever was undefined.


Overfull \hbox (20.0pt too wide) in paragraph at lines 11--12
[]Ten
 []

! Undefined control sequence.
l.13 \subsection
              {Creando un archivo master bias}
The control sequence at the end of the top line
of your error message was never \def'ed. If you have
misspelled it (e.g., `\hobx'), type `I' and the correct
spelling (e.g., `I\hbox'). Otherwise just continue,
and I'll forget about whatever was undefined.


! LaTeX Error: Missing \begin{document}.

See the LaTeX manual or LaTeX Companion for explanation.
Type  H <return>  for immediate help.
 ...                                              
                                                  
l.13 \subsection{C
                reando un archivo master bias}
You're in trouble here.  Try typing  <return>  to proceed.
If that doesn't work, type  X <return>  to quit.

! Undefined control sequence.
l.14 ...enes los datos en la carpeta llamada \pynorm
                                                  {'OB0001'} dentro de tu di...
The control sequence at the end of the top line
of your error message was never \def'ed. If you have
misspelled it (e.g., `\hobx'), type `I' and the correct
spelling (e.g., `I\hbox'). Otherwise just continue,
and I'll forget about whatever was undefined.


Overfull \hbox (20.0pt too wide) in paragraph at lines 13--15
[]Creando
 []


Overfull \hbox (5.0pt too wide) in paragraph at lines 13--15
\TS1/lmr/m/n/10 $
 []


! LaTeX Error: Environment shell undefined.

See the LaTeX manual or LaTeX Companion for explanation.
Type  H <return>  for immediate help.
 ...                                              
                                                  
l.16 \begin{shell}
                
Your command was ignored.
Type  I <command> <return>  to replace it with another command,
or  <return>  to continue without it.


! LaTeX Error: Missing \begin{document}.

See the LaTeX manual or LaTeX Companion for explanation.
Type  H <return>  for immediate help.
 ...                                              
                                                  
l.17 $
     pyraf
You're in trouble here.  Try typing  <return>  to proceed.
If that doesn't work, type  X <return>  to quit.


! LaTeX Error: \begin{document} ended by \end{shell}.

See the LaTeX manual or LaTeX Companion for explanation.
Type  H <return>  for immediate help.
 ...                                              
                                                  
l.27 \end{shell}
              
Your command was ignored.
Type  I <command> <return>  to replace it with another command,
or  <return>  to continue without it.

! Missing $ inserted.
<inserted text> 
$
l.27 \end{shell}
              
I've inserted something that you may have forgotten.
(See the <inserted text> above.)
With luck, this will get me unwedged. But if you
really didn't forget anything, try typing `2' now; then
my insertion and my current dilemma will both disappear.


Overfull \hbox (99.64017pt too wide) in paragraph at lines 17--28
[]$\OML/cmm/m/it/10 pyrafclpackage= \OT1/cmr/m/n/10 :
 []


Overfull \hbox (779.67558pt too wide) in paragraph at lines 17--28
\OML/cmm/m/it/10 clpackage=images=noao=proto=utilities=dataio=language=obsolete=
softools=vo=dbms=lists=plot=system=PyRAF\OT1/cmr/m/n/10 2\OML/cmm/m/it/10 :\OT1
/cmr/m/n/10 1\OML/cmm/m/it/10 :\OT1/cmr/m/n/10 10\OML/cmm/m/it/10 Copyright\OT1
/cmr/m/n/10 (\OML/cmm/m/it/10 c\OT1/cmr/m/n/10 )2002\OML/cmm/m/it/10 AURAPython\OT1/cmr/m/n/10 2\OML/cmm/m/it/10 :\OT1/cmr/m/n/10 7\OML/cmm/m/it/10 :\OT1/cmr/m/n/10 18\OML/cmm/m/it/10 Copyright\OT1/cmr/m/n/10 (\OML/cmm/m/it/10 c\OT1/cmr/m/n/10 )2001 \OMS/cmsy/m/n/10 ^^@
 []


Overfull \hbox (461.93468pt too wide) in paragraph at lines 17--28
\OT1/cmr/m/n/10 2020\OML/cmm/m/it/10 PythonSoftwareFoundation:Python=CLcommandli
newrapper:helpdescribesexecutivecommands \OMS/cmsy/m/n/10 ^^@
 []


Overfull \hbox (18.33331pt too wide) in paragraph at lines 17--28
\OMS/cmsy/m/n/10 ^^@ \OML/cmm/m/it/10 >$ 
 []


! LaTeX Error: Missing \begin{document}.

See the LaTeX manual or LaTeX Companion for explanation.
Type  H <return>  for immediate help.
 ...                                              
                                                  
l.29 A
    hora dirígete a la carpeta OB0001  y sigue los siguientes pasos (Puede ...
You're in trouble here.  Try typing  <return>  to proceed.
If that doesn't work, type  X <return>  to quit.


Overfull \hbox (20.0pt too wide) in paragraph at lines 29--30
[]Ahora
 []


! LaTeX Error: Environment shell undefined.

See the LaTeX manual or LaTeX Companion for explanation.
Type  H <return>  for immediate help.
 ...                                              
                                                  
l.31 \begin{shell}
                
Your command was ignored.
Type  I <command> <return>  to replace it with another command,
or  <return>  to continue without it.


! LaTeX Error: Missing \begin{document}.

See the LaTeX manual or LaTeX Companion for explanation.
Type  H <return>  for immediate help.
 ...                                              
                                                  
l.32 -
    -> cd OB0001/
You're in trouble here.  Try typing  <return>  to proceed.
If that doesn't work, type  X <return>  to quit.

! Missing $ inserted.
<inserted text> 
$
l.34 bias  flat  GTC11-20AMEX_
                            0001_qc.txt  object  stds	
I've inserted a begin-math/end-math symbol since I think
you left one out. Proceed, with fingers crossed.


! LaTeX Error: \begin{document} ended by \end{shell}.

See the LaTeX manual or LaTeX Companion for explanation.
Type  H <return>  for immediate help.
 ...                                              
                                                  
l.36 \end{shell}
              
Your command was ignored.
Type  I <command> <return>  to replace it with another command,
or  <return>  to continue without it.

! Missing $ inserted.
<inserted text> 
$
l.36 \end{shell}
              
I've inserted something that you may have forgotten.
(See the <inserted text> above.)
With luck, this will get me unwedged. But if you
really didn't forget anything, try typing `2' now; then
my insertion and my current dilemma will both disappear.


Overfull \hbox (20.0pt too wide) in paragraph at lines 32--37
[]-->
 []


Overfull \hbox (96.33846pt too wide) in paragraph at lines 32--37
20AMEX$[][]\OT1/cmr/m/n/10 001[]\OML/cmm/m/it/10 c:txtobjectstds \OMS/cmsy/m/n/
10 ^^@
 []


Overfull \hbox (18.33331pt too wide) in paragraph at lines 32--37
\OMS/cmsy/m/n/10 ^^@ \OML/cmm/m/it/10 >$ 
 []


! LaTeX Error: Missing \begin{document}.

See the LaTeX manual or LaTeX Companion for explanation.
Type  H <return>  for immediate help.
 ...                                              
                                                  
l.38 A
    hora veamos qué hay dentro de la carpeta \pynorm{'bias'}:
You're in trouble here.  Try typing  <return>  to proceed.
If that doesn't work, type  X <return>  to quit.

! Undefined control sequence.
l.38 ...veamos qué hay dentro de la carpeta \pynorm
                                                  {'bias'}:
The control sequence at the end of the top line
of your error message was never \def'ed. If you have
misspelled it (e.g., `\hobx'), type `I' and the correct
spelling (e.g., `I\hbox'). Otherwise just continue,
and I'll forget about whatever was undefined.


Overfull \hbox (20.0pt too wide) in paragraph at lines 38--39
[]Ahora
 []


! LaTeX Error: Environment shell undefined.

See the LaTeX manual or LaTeX Companion for explanation.
Type  H <return>  for immediate help.
 ...                                              
                                                  
l.40 \begin{shell}
                
Your command was ignored.
Type  I <command> <return>  to replace it with another command,
or  <return>  to continue without it.


! LaTeX Error: Missing \begin{document}.

See the LaTeX manual or LaTeX Companion for explanation.
Type  H <return>  for immediate help.
 ...                                              
                                                  
l.41 -
    -> cd bias/
You're in trouble here.  Try typing  <return>  to proceed.
If that doesn't work, type  X <return>  to quit.


! LaTeX Error: \begin{document} ended by \end{shell}.

See the LaTeX manual or LaTeX Companion for explanation.
Type  H <return>  for immediate help.
 ...                                              
                                                  
l.54 \end{shell}
              
Your command was ignored.
Type  I <command> <return>  to replace it with another command,
or  <return>  to continue without it.


Overfull \hbox (20.0pt too wide) in paragraph at lines 41--55
[]-->
 []

)
! Emergency stop.
<*> lesson-15.tex
              
*** (job aborted, no legal \end found)



Here is how much of LuaTeX's memory you used:
 26 strings out of 478382
 100000,1977958 words of node,token memory allocated 19629 words of node memory still in use:
   50 hlist, 36 disc, 10 local_par, 1 dir, 6 math, 351 glue, 71 kern, 31 penalty
, 2190 glyph, 45 attribute, 39 glue_spec, 45 attribute_list nodes
   avail lists: 2:2,3:248,4:52,5:2,7:51,8:264,10:51
 20256 multiletter control sequences out of 65536+600000
 26 fonts using 1407735 bytes
 18i,1n,12p,437b,63s stack positions out of 10000i,1000n,20000p,200000b,200000s
!  ==> Fatal error occurred, no output PDF file produced!
