\BOOKMARK [-1][-]{part.1}{\376\377\0001\000\040\000I\000n\000t\000r\000o\000d\000u\000c\000c\000i\000\363\000n\000\040\000a\000\040\000P\000y\000t\000h\000o\000n}{}% 1
\BOOKMARK [0][-]{chapter.1}{\376\377\000I\000n\000t\000r\000o\000d\000u\000c\000c\000i\000\363\000n\000\040\000a\000\040\000P\000y\000t\000h\000o\000n}{part.1}% 2
\BOOKMARK [1][-]{section.1.1}{\376\377\000N\000o\000c\000i\000o\000n\000e\000s\000\040\000b\000\341\000s\000i\000c\000a\000s}{chapter.1}% 3
\BOOKMARK [2][-]{subsection.1.1.1}{\376\377\000P\000y\000t\000h\000o\000n\000\040\000e\000n\000\040\000d\000i\000f\000e\000r\000e\000n\000t\000e\000s\000\040\000s\000i\000s\000t\000e\000m\000a\000s\000\040\000o\000p\000e\000r\000a\000t\000i\000v\000o\000s}{section.1.1}% 4
\BOOKMARK [3][-]{subsubsection.1.1.1.1}{\376\377\000P\000y\000t\000h\000o\000n\000\040\000e\000n\000\040\000W\000i\000n\000d\000o\000w\000s}{subsection.1.1.1}% 5
\BOOKMARK [3][-]{subsubsection.1.1.1.2}{\376\377\000P\000y\000t\000h\000o\000n\000\040\000e\000n\000\040\000L\000i\000n\000u\000x}{subsection.1.1.1}% 6
\BOOKMARK [3][-]{subsubsection.1.1.1.3}{\376\377\000P\000y\000t\000h\000o\000n\000\040\000e\000n\000\040\000M\000a\000c\000\040\000O\000S\000X}{subsection.1.1.1}% 7
\BOOKMARK [2][-]{subsection.1.1.2}{\376\377\000E\000j\000e\000c\000u\000t\000a\000n\000d\000o\000\040\000P\000y\000t\000h\000o\000n}{section.1.1}% 8
\BOOKMARK [3][-]{subsubsection.1.1.2.1}{\376\377\000C\000r\000e\000a\000n\000d\000o\000\040\000u\000n\000\040\000e\000n\000t\000o\000r\000n\000o\000\040\000v\000i\000r\000t\000u\000a\000l}{subsection.1.1.2}% 9
\BOOKMARK [3][-]{subsubsection.1.1.2.2}{\376\377\000E\000l\000\040\000e\000d\000i\000t\000o\000r\000\040\000G\000e\000a\000n\000y}{subsection.1.1.2}% 10
\BOOKMARK [3][-]{subsubsection.1.1.2.3}{\376\377\000J\000u\000p\000y\000t\000e\000r\000\040\000N\000o\000t\000e\000b\000o\000o\000k}{subsection.1.1.2}% 11
\BOOKMARK [3][-]{subsubsection.1.1.2.4}{\376\377\000V\000i\000s\000u\000a\000l\000\040\000S\000t\000u\000d\000i\000o\000\040\000C\000o\000d\000e\000\040\000y\000\040\000P\000y\000C\000h\000a\000r\000m}{subsection.1.1.2}% 12
\BOOKMARK [2][-]{subsection.1.1.3}{\376\377\000P\000y\000t\000h\000o\000n\000\040\000c\000o\000m\000o\000\040\000c\000a\000l\000c\000u\000l\000a\000d\000o\000r\000a}{section.1.1}% 13
\BOOKMARK [3][-]{subsubsection.1.1.3.1}{\376\377\000O\000p\000e\000r\000a\000c\000i\000o\000n\000e\000s\000\040\000a\000r\000i\000t\000m\000\351\000t\000i\000c\000a\000s}{subsection.1.1.3}% 14
\BOOKMARK [3][-]{subsubsection.1.1.3.2}{\376\377\000O\000p\000e\000r\000a\000c\000i\000o\000n\000e\000s\000\040\000m\000a\000t\000e\000m\000\341\000t\000i\000c\000a\000s\000\040\000a\000v\000a\000n\000z\000a\000d\000a\000s}{subsection.1.1.3}% 15
\BOOKMARK [0][-]{chapter.2}{\376\377\000V\000a\000r\000i\000a\000b\000l\000e\000s\000\040\000y\000\040\000c\000o\000n\000t\000e\000n\000e\000d\000o\000r\000e\000s}{part.1}% 16
\BOOKMARK [1][-]{section.2.2}{\376\377\000I\000n\000t\000r\000o\000d\000u\000c\000c\000i\000\363\000n}{chapter.2}% 17
\BOOKMARK [2][-]{subsection.2.2.1}{\376\377\000V\000a\000r\000i\000a\000b\000l\000e\000s}{section.2.2}% 18
\BOOKMARK [3][-]{subsubsection.2.2.1.1}{\376\377\000V\000a\000r\000i\000a\000b\000l\000e\000s\000\040\000t\000i\000p\000o\000\040\000i\000n\000t\000/\000f\000l\000o\000a\000t}{subsection.2.2.1}% 19
\BOOKMARK [3][-]{subsubsection.2.2.1.2}{\376\377\000V\000a\000r\000i\000a\000b\000l\000e\000s\000\040\000d\000e\000\040\000t\000i\000p\000o\000\040\000s\000t\000r\000i\000n\000g}{subsection.2.2.1}% 20
\BOOKMARK [3][-]{subsubsection.2.2.1.3}{\376\377\000C\000o\000m\000e\000n\000t\000a\000r\000i\000o\000s}{subsection.2.2.1}% 21
\BOOKMARK [3][-]{subsubsection.2.2.1.4}{\376\377\000V\000a\000r\000i\000a\000b\000l\000e\000s\000\040\000t\000i\000p\000o\000\040\000b\000o\000o\000l}{subsection.2.2.1}% 22
\BOOKMARK [2][-]{subsection.2.2.2}{\376\377\000C\000o\000n\000t\000e\000n\000e\000d\000o\000r\000e\000s}{section.2.2}% 23
\BOOKMARK [3][-]{subsubsection.2.2.2.1}{\376\377\000L\000i\000s\000t\000a\000s}{subsection.2.2.2}% 24
\BOOKMARK [3][-]{subsubsection.2.2.2.2}{\376\377\000T\000u\000p\000l\000a\000s}{subsection.2.2.2}% 25
\BOOKMARK [3][-]{subsubsection.2.2.2.3}{\376\377\000C\000o\000n\000j\000u\000n\000t\000o\000s}{subsection.2.2.2}% 26
\BOOKMARK [3][-]{subsubsection.2.2.2.4}{\376\377\000D\000i\000c\000c\000i\000o\000n\000a\000r\000i\000o\000s}{subsection.2.2.2}% 27
\BOOKMARK [0][-]{chapter.3}{\376\377\000C\000o\000n\000t\000r\000o\000l\000\040\000d\000e\000\040\000f\000l\000u\000j\000o\000\040\000y\000\040\000l\000\363\000g\000i\000c\000a}{part.1}% 28
\BOOKMARK [1][-]{section.3.3}{\376\377\000C\000o\000n\000t\000r\000o\000l\000e\000s\000\040\000d\000e\000\040\000f\000l\000u\000j\000o}{chapter.3}% 29
\BOOKMARK [2][-]{subsection.3.3.1}{\376\377\000C\000o\000n\000d\000i\000c\000i\000o\000n\000a\000l\000e\000s}{section.3.3}% 30
\BOOKMARK [3][-]{subsubsection.3.3.1.1}{\376\377\000D\000e\000c\000l\000a\000r\000a\000c\000i\000o\000n\000e\000s\000\040\000i\000f}{subsection.3.3.1}% 31
\BOOKMARK [3][-]{subsubsection.3.3.1.2}{\376\377\000D\000e\000c\000l\000a\000r\000a\000c\000i\000o\000n\000e\000s\000\040\000i\000f\000-\000e\000l\000s\000e}{subsection.3.3.1}% 32
\BOOKMARK [3][-]{subsubsection.3.3.1.3}{\376\377\000D\000e\000c\000l\000a\000r\000a\000c\000i\000o\000n\000e\000s\000\040\000i\000f\000-\000e\000l\000i\000f\000-\000e\000l\000s\000e}{subsection.3.3.1}% 33
\BOOKMARK [3][-]{subsubsection.3.3.1.4}{\376\377\000E\000x\000p\000r\000e\000s\000i\000o\000n\000e\000s\000\040\000i\000f\000-\000e\000l\000s\000e}{subsection.3.3.1}% 34
\BOOKMARK [2][-]{subsection.3.3.2}{\376\377\000B\000u\000c\000l\000e\000s}{section.3.3}% 35
\BOOKMARK [3][-]{subsubsection.3.3.2.1}{\376\377\000B\000u\000c\000l\000e\000\040\000w\000h\000i\000l\000e}{subsection.3.3.2}% 36
\BOOKMARK [3][-]{subsubsection.3.3.2.2}{\376\377\000B\000u\000c\000l\000e\000\040\000f\000o\000r}{subsection.3.3.2}% 37
\BOOKMARK [3][-]{subsubsection.3.3.2.3}{\376\377\000C\000o\000n\000t\000e\000n\000e\000d\000o\000r\000e\000s\000\040\000p\000o\000r\000\040\000c\000o\000m\000p\000r\000e\000n\000s\000i\000\363\000n}{subsection.3.3.2}% 38
\BOOKMARK [0][-]{chapter.4}{\376\377\000F\000u\000n\000c\000i\000o\000n\000e\000s}{part.1}% 39
\BOOKMARK [1][-]{section.4.4}{\376\377\000F\000u\000n\000c\000i\000o\000n\000e\000s\000\040\000e\000n\000\040\000P\000y\000t\000h\000o\000n}{chapter.4}% 40
\BOOKMARK [2][-]{subsection.4.4.1}{\376\377\000F\000u\000n\000c\000i\000o\000n\000e\000s\000\040\000p\000r\000e\000d\000e\000f\000i\000n\000i\000d\000a\000s}{section.4.4}% 41
\BOOKMARK [2][-]{subsection.4.4.2}{\376\377\000F\000u\000n\000c\000i\000o\000n\000e\000s\000\040\000d\000e\000f\000i\000n\000i\000d\000a\000s\000\040\000p\000o\000r\000\040\000e\000l\000\040\000u\000s\000u\000a\000r\000i\000o}{section.4.4}% 42
\BOOKMARK [3][-]{subsubsection.4.4.2.1}{\376\377\000F\000u\000n\000c\000i\000o\000n\000e\000s\000\040\000s\000i\000n\000\040\000p\000a\000r\000\341\000m\000e\000t\000r\000o\000s}{subsection.4.4.2}% 43
\BOOKMARK [3][-]{subsubsection.4.4.2.2}{\376\377\000F\000u\000n\000c\000i\000o\000n\000e\000s\000\040\000c\000o\000n\000\040\000p\000a\000r\000\341\000m\000e\000t\000r\000o\000s}{subsection.4.4.2}% 44
\BOOKMARK [3][-]{subsubsection.4.4.2.3}{\376\377\000F\000u\000n\000c\000i\000o\000n\000e\000s\000\040\000q\000u\000e\000\040\000d\000e\000v\000u\000e\000l\000v\000e\000n\000\040\000u\000n\000\040\000v\000a\000l\000o\000r}{subsection.4.4.2}% 45
\BOOKMARK [2][-]{subsection.4.4.3}{\376\377\000M\000\341\000s\000\040\000s\000o\000b\000r\000e\000\040\000f\000u\000n\000c\000i\000o\000n\000e\000s\000\040\000c\000o\000n\000\040\000p\000a\000r\000\341\000m\000e\000t\000r\000o\000s}{section.4.4}% 46
\BOOKMARK [3][-]{subsubsection.4.4.3.1}{\376\377\000A\000r\000g\000u\000m\000e\000n\000t\000o\000s\000\040\000c\000o\000n\000\040\000u\000n\000\040\000v\000a\000l\000o\000r\000\040\000p\000r\000e\000d\000e\000t\000e\000r\000m\000i\000n\000a\000d\000o}{subsection.4.4.3}% 47
\BOOKMARK [3][-]{subsubsection.4.4.3.2}{\376\377\000A\000r\000g\000u\000m\000e\000n\000t\000o\000s\000\040\000d\000e\000\040\000p\000a\000l\000a\000b\000r\000a\000s\000\040\000c\000l\000a\000v\000e}{subsection.4.4.3}% 48
\BOOKMARK [2][-]{subsection.4.4.4}{\376\377\000P\000r\000o\000b\000l\000e\000m\000a\000s}{section.4.4}% 49
\BOOKMARK [-1][-]{part.2}{\376\377\0002\000\040\000I\000n\000t\000r\000o\000d\000u\000c\000c\000i\000\363\000n\000\040\000a\000\040\000l\000a\000\040\000a\000s\000t\000r\000o\000n\000o\000m\000\355\000a\000\040\000o\000b\000s\000e\000r\000v\000a\000c\000i\000o\000n\000a\000l}{}% 50
\BOOKMARK [0][-]{chapter.5}{\376\377\000T\000e\000l\000e\000s\000c\000o\000p\000i\000o\000s\000\040\000\363\000p\000t\000i\000c\000o\000s}{part.2}% 51
\BOOKMARK [1][-]{section.5.5}{\376\377\000T\000e\000l\000e\000s\000c\000o\000p\000i\000o\000s}{chapter.5}% 52
\BOOKMARK [2][-]{subsection.5.5.1}{\376\377\000N\000a\000t\000u\000r\000a\000l\000e\000z\000a\000\040\000l\000a\000\040\000l\000u\000z}{section.5.5}% 53
\BOOKMARK [2][-]{subsection.5.5.2}{\376\377\000P\000r\000i\000n\000c\000i\000p\000i\000o\000s\000\040\000b\000\341\000s\000i\000c\000o\000s\000\040\000d\000e\000\040\000\363\000p\000t\000i\000c\000a\000\040\000g\000e\000o\000m\000\351\000t\000r\000i\000c\000a}{section.5.5}% 54
\BOOKMARK [2][-]{subsection.5.5.3}{\376\377\000R\000e\000f\000l\000e\000x\000i\000\363\000n\000\040\000y\000\040\000r\000e\000f\000r\000a\000c\000c\000i\000\363\000n}{section.5.5}% 55
\BOOKMARK [2][-]{subsection.5.5.4}{\376\377\000P\000r\000o\000p\000i\000e\000d\000a\000d\000e\000s\000\040\000d\000e\000\040\000t\000e\000l\000e\000s\000c\000o\000p\000i\000o\000s}{section.5.5}% 56
\BOOKMARK [3][-]{subsubsection.5.5.4.1}{\376\377\000R\000e\000c\000o\000l\000e\000c\000c\000i\000\363\000n\000\040\000d\000e\000\040\000l\000u\000z}{subsection.5.5.4}% 57
\BOOKMARK [0][-]{chapter.6}{\376\377\000F\000o\000t\000o\000m\000e\000t\000r\000\355\000a}{part.2}% 58
\BOOKMARK [1][-]{section.6.6}{\376\377\000C\000o\000n\000c\000e\000p\000t\000o\000s\000\040\000d\000e\000\040\000f\000o\000t\000o\000m\000e\000t\000r\000\355\000a}{chapter.6}% 59
\BOOKMARK [2][-]{subsection.6.6.1}{\376\377\000S\000i\000s\000t\000e\000m\000a\000\040\000d\000e\000\040\000m\000a\000g\000n\000i\000t\000u\000d\000e\000s}{section.6.6}% 60
\BOOKMARK [3][-]{subsubsection.6.6.1.1}{\376\377\000F\000l\000u\000j\000o\000\040\000y\000\040\000l\000u\000m\000i\000n\000o\000s\000i\000d\000a\000d}{subsection.6.6.1}% 61
\BOOKMARK [3][-]{subsubsection.6.6.1.2}{\376\377\000M\000a\000g\000n\000i\000t\000u\000d\000e\000s}{subsection.6.6.1}% 62
\BOOKMARK [3][-]{subsubsection.6.6.1.3}{\376\377\000M\000a\000g\000n\000i\000t\000u\000d\000e\000s\000\040\000b\000o\000l\000o\000m\000\351\000t\000r\000i\000c\000a\000s\000\040\000y\000\040\000a\000b\000s\000o\000l\000u\000t\000a\000s}{subsection.6.6.1}% 63
\BOOKMARK [3][-]{subsubsection.6.6.1.4}{\376\377\000\315\000n\000d\000i\000c\000e\000s\000\040\000d\000e\000\040\000c\000o\000l\000o\000r}{subsection.6.6.1}% 64
\BOOKMARK [3][-]{subsubsection.6.6.1.5}{\376\377\000F\000i\000l\000t\000r\000o\000s\000\040\000d\000e\000\040\000c\000o\000l\000o\000r}{subsection.6.6.1}% 65
\BOOKMARK [2][-]{subsection.6.6.2}{\376\377\000R\000a\000d\000i\000a\000c\000i\000\363\000n\000\040\000d\000e\000\040\000c\000u\000e\000r\000p\000o\000\040\000n\000e\000g\000r\000o}{section.6.6}% 66
\BOOKMARK [0][-]{chapter.7}{\376\377\000E\000s\000p\000e\000c\000t\000r\000o\000s\000c\000o\000p\000\355\000a}{part.2}% 67
\BOOKMARK [1][-]{section.7.7}{\376\377\000C\000o\000n\000c\000e\000p\000t\000o\000s\000\040\000d\000e\000\040\000e\000s\000p\000e\000c\000t\000r\000o\000s\000c\000o\000p\000\355\000a}{chapter.7}% 68
\BOOKMARK [2][-]{subsection.7.7.1}{\376\377\000L\000\355\000n\000e\000a\000s\000\040\000e\000s\000p\000e\000c\000t\000r\000a\000l\000e\000s}{section.7.7}% 69
\BOOKMARK [3][-]{subsubsection.7.7.1.1}{\376\377\000P\000r\000o\000d\000u\000c\000c\000i\000\363\000n\000\040\000d\000e\000\040\000l\000\355\000n\000e\000a\000s\000\040\000e\000s\000p\000e\000c\000t\000r\000a\000l\000e\000s}{subsection.7.7.1}% 70
\BOOKMARK [3][-]{subsubsection.7.7.1.2}{\376\377\000T\000i\000p\000o\000s\000\040\000d\000e\000\040\000e\000s\000p\000e\000c\000t\000r\000o\000s}{subsection.7.7.1}% 71
\BOOKMARK [3][-]{subsubsection.7.7.1.3}{\376\377\000C\000l\000a\000s\000i\000f\000i\000c\000a\000c\000i\000\363\000n\000\040\000e\000s\000p\000e\000c\000t\000r\000a\000l\000\040\000d\000e\000\040\000e\000s\000t\000r\000e\000l\000l\000a\000s}{subsection.7.7.1}% 72
\BOOKMARK [2][-]{subsection.7.7.2}{\376\377\000V\000e\000l\000o\000c\000i\000d\000a\000d\000e\000s\000\040\000r\000a\000d\000i\000a\000l\000e\000s}{section.7.7}% 73
\BOOKMARK [3][-]{subsubsection.7.7.2.1}{\376\377\000E\000l\000\040\000e\000f\000e\000c\000t\000o\000\040\000D\000o\000p\000p\000l\000e\000r}{subsection.7.7.2}% 74
\BOOKMARK [3][-]{subsubsection.7.7.2.2}{\376\377\000S\000i\000s\000t\000e\000m\000a\000s\000\040\000b\000i\000n\000a\000r\000i\000o\000s\000\040\000e\000s\000p\000e\000c\000t\000r\000o\000s\000c\000\363\000p\000i\000c\000o\000s}{subsection.7.7.2}% 75
\BOOKMARK [0][-]{chapter.8}{\376\377\000D\000e\000t\000e\000c\000t\000o\000r\000e\000s\000\040\000C\000C\000D\000\040\000y\000\040\000c\000a\000l\000i\000b\000r\000a\000c\000i\000\363\000n}{part.2}% 76
\BOOKMARK [1][-]{section.8.8}{\376\377\000D\000i\000s\000p\000o\000s\000i\000t\000i\000v\000o\000s\000\040\000d\000e\000\040\000c\000a\000r\000g\000a\000\040\000a\000c\000o\000p\000l\000a\000d\000a}{chapter.8}% 77
\BOOKMARK [-1][-]{part.3}{\376\377\0003\000\040\000P\000y\000t\000h\000o\000n\000\040\000p\000a\000r\000a\000\040\000d\000a\000t\000o\000s\000\040\000C\000C\000D}{}% 78
\BOOKMARK [0][-]{chapter.9}{\376\377\000V\000i\000s\000u\000a\000l\000i\000z\000a\000c\000i\000\363\000n\000\040\000d\000e\000\040\000d\000a\000t\000o\000s\000\040\000c\000o\000n\000\040\000P\000y\000t\000h\000o\000n}{part.3}% 79
\BOOKMARK [1][-]{section.9.9}{\376\377\000N\000u\000m\000p\000y\000\040\000y\000\040\000M\000a\000t\000p\000l\000o\000t\000l\000i\000b}{chapter.9}% 80
\BOOKMARK [2][-]{subsection.9.9.1}{\376\377\000A\000r\000r\000e\000g\000l\000o\000s\000\040\000n\000u\000m\000\351\000r\000i\000c\000o\000s\000\040\000c\000o\000n\000\040\000n\000u\000m\000p\000y}{section.9.9}% 81
\BOOKMARK [3][-]{subsubsection.9.9.1.1}{\376\377\000A\000r\000r\000e\000g\000l\000o\000s\000\040\000d\000e\000\040\000c\000e\000r\000o\000s\000\040\000y\000\040\000u\000n\000o\000s}{subsection.9.9.1}% 82
\BOOKMARK [3][-]{subsubsection.9.9.1.2}{\376\377\000A\000r\000r\000e\000g\000l\000o\000s\000\040\000o\000r\000d\000e\000n\000a\000d\000o\000s}{subsection.9.9.1}% 83
\BOOKMARK [3][-]{subsubsection.9.9.1.3}{\376\377\000A\000r\000r\000e\000g\000l\000o\000s\000\040\000a\000l\000e\000a\000t\000o\000r\000i\000o\000s}{subsection.9.9.1}% 84
\BOOKMARK [2][-]{subsection.9.9.2}{\376\377\000V\000i\000s\000u\000a\000l\000i\000z\000a\000c\000i\000\363\000n\000\040\000c\000o\000n\000\040\000M\000a\000t\000p\000l\000o\000t\000l\000i\000b}{section.9.9}% 85
\BOOKMARK [3][-]{subsubsection.9.9.2.1}{\376\377\000G\000r\000\341\000f\000i\000c\000o\000\040\000d\000e\000\040\000f\000u\000n\000c\000i\000o\000n\000e\000s}{subsection.9.9.2}% 86
\BOOKMARK [3][-]{subsubsection.9.9.2.2}{\376\377\000G\000r\000\341\000f\000i\000c\000o\000\040\000d\000e\000\040\000h\000i\000s\000t\000o\000g\000r\000a\000m\000a\000s}{subsection.9.9.2}% 87
\BOOKMARK [3][-]{subsubsection.9.9.2.3}{\376\377\000V\000i\000s\000u\000a\000l\000i\000z\000a\000c\000i\000\363\000n\000\040\000d\000e\000\040\000m\000a\000t\000r\000i\000c\000e\000s}{subsection.9.9.2}% 88
\BOOKMARK [3][-]{subsubsection.9.9.2.4}{\376\377\000G\000r\000\341\000f\000i\000c\000o\000\040\000d\000e\000\040\000u\000n\000a\000\040\000f\000u\000n\000c\000i\000\363\000n\000\040\000d\000e\000\040\000d\000o\000s\000\040\000v\000a\000r\000i\000a\000b\000l\000e\000s}{subsection.9.9.2}% 89
\BOOKMARK [0][-]{chapter.10}{\376\377\000R\000e\000d\000u\000c\000c\000i\000\363\000n\000\040\000d\000e\000\040\000d\000a\000t\000o\000s\000\040\000c\000o\000n\000\040\000P\000y\000t\000h\000o\000n}{part.3}% 90
\BOOKMARK [1][-]{section.10.10}{\376\377\000E\000l\000\040\000p\000a\000q\000u\000e\000t\000e\000\040\000A\000s\000t\000r\000o\000p\000y}{chapter.10}% 91
\BOOKMARK [2][-]{subsection.10.10.1}{\376\377\000E\000l\000\040\000m\000\363\000d\000u\000l\000o\000\040\000a\000s\000t\000r\000o\000p\000y\000.\000u\000n\000i\000t\000s}{section.10.10}% 92
\BOOKMARK [2][-]{subsection.10.10.2}{\376\377\000T\000r\000a\000b\000a\000j\000a\000n\000d\000o\000\040\000c\000o\000n\000\040\000t\000a\000b\000l\000a\000s}{section.10.10}% 93
\BOOKMARK [2][-]{subsection.10.10.3}{\376\377\000U\000n\000\040\000e\000j\000e\000m\000p\000l\000o\000\040\000u\000n\000\040\000p\000o\000c\000o\000\040\000r\000e\000a\000l\000i\000s\000t\000a}{section.10.10}% 94
\BOOKMARK [0][-]{chapter.11}{\376\377\000I\000m\000\341\000g\000e\000n\000e\000s\000\040\000B\000I\000A\000S\000\040\000y\000\040\000D\000A\000R\000K}{part.3}% 95
\BOOKMARK [1][-]{section.11.11}{\376\377\000E\000l\000\040\000m\000\363\000d\000u\000l\000o\000\040\000c\000c\000d\000p\000r\000o\000c}{chapter.11}% 96
\BOOKMARK [2][-]{subsection.11.11.1}{\376\377\000C\000r\000e\000a\000n\000d\000o\000\040\000u\000n\000\040\000a\000r\000c\000h\000i\000v\000o\000\040\000m\000a\000s\000t\000e\000r\000\040\000b\000i\000a\000s}{section.11.11}% 97
\BOOKMARK [2][-]{subsection.11.11.2}{\376\377\000C\000r\000e\000a\000n\000d\000o\000\040\000u\000n\000\040\000a\000r\000c\000h\000i\000v\000o\000\040\000m\000a\000s\000t\000e\000r\000\040\000d\000a\000r\000k}{section.11.11}% 98
\BOOKMARK [0][-]{chapter.12}{\376\377\000M\000a\000s\000t\000e\000r\000\040\000f\000l\000a\000t\000\040\000y\000\040\000c\000a\000l\000i\000b\000r\000a\000c\000i\000\363\000n\000\040\000f\000i\000n\000a\000l}{part.3}% 99
\BOOKMARK [1][-]{section.12.12}{\376\377\000C\000a\000l\000i\000b\000r\000a\000c\000i\000\363\000n\000\040\000d\000e\000\040\000i\000m\000\341\000g\000e\000n\000e\000s}{chapter.12}% 100
\BOOKMARK [2][-]{subsection.12.12.1}{\376\377\000C\000r\000e\000a\000n\000d\000o\000\040\000u\000n\000\040\000a\000r\000c\000h\000i\000v\000o\000\040\000m\000a\000s\000t\000e\000r\000\040\000f\000l\000a\000t}{section.12.12}% 101
\BOOKMARK [2][-]{subsection.12.12.2}{\376\377\000C\000a\000l\000i\000b\000r\000a\000n\000d\000o\000\040\000l\000a\000s\000\040\000i\000m\000\341\000g\000e\000n\000e\000s\000\040\000d\000e\000\040\000o\000b\000j\000e\000t\000o}{section.12.12}% 102
\BOOKMARK [-1][-]{part.4}{\376\377\0004\000\040\000I\000R\000A\000F\000\040\000p\000a\000r\000a\000\040\000d\000a\000t\000o\000s\000\040\000C\000C\000D}{}% 103
\BOOKMARK [0][-]{chapter.13}{\376\377\000U\000n\000\040\000p\000o\000c\000o\000\040\000s\000o\000b\000r\000e\000\040\000s\000i\000s\000t\000e\000m\000a\000s\000\040\000U\000n\000i\000x}{part.4}% 104
\BOOKMARK [1][-]{section.13.13}{\376\377\000I\000n\000t\000r\000o\000d\000u\000c\000c\000i\000\363\000n\000\040\000a\000\040\000l\000a\000\040\000l\000\355\000n\000e\000a\000\040\000d\000e\000\040\000c\000o\000m\000a\000n\000d\000o\000s}{chapter.13}% 105
\BOOKMARK [2][-]{subsection.13.13.1}{\376\377\000U\000s\000a\000n\000d\000o\000\040\000l\000a\000\040\000t\000e\000r\000m\000i\000n\000a\000l}{section.13.13}% 106
\BOOKMARK [3][-]{subsubsection.13.13.1.1}{\376\377\000E\000l\000\040\000\341\000r\000b\000o\000l\000\040\000d\000e\000\040\000d\000i\000r\000e\000c\000t\000o\000r\000i\000o\000s}{subsection.13.13.1}% 107
\BOOKMARK [3][-]{subsubsection.13.13.1.2}{\376\377\000I\000m\000p\000r\000i\000m\000i\000r\000\040\000d\000i\000r\000e\000c\000t\000o\000r\000i\000o\000\040\000a\000c\000t\000u\000a\000l\000\040\000c\000o\000n\000\040\000e\000l\000\040\000c\000o\000m\000a\000n\000d\000o\000\040\000p\000w\000d}{subsection.13.13.1}% 108
\BOOKMARK [3][-]{subsubsection.13.13.1.3}{\376\377\000L\000i\000s\000t\000a\000r\000\040\000e\000l\000e\000m\000e\000n\000t\000o\000s\000\040\000c\000o\000n\000\040\000e\000l\000\040\000c\000o\000m\000a\000n\000d\000o\000\040\000l\000s}{subsection.13.13.1}% 109
\BOOKMARK [3][-]{subsubsection.13.13.1.4}{\376\377\000C\000a\000m\000b\000i\000a\000r\000\040\000d\000e\000\040\000d\000i\000r\000e\000c\000t\000o\000r\000i\000o\000s\000\040\000c\000o\000n\000\040\000e\000l\000\040\000c\000o\000m\000a\000n\000d\000o\000\040\000c\000d}{subsection.13.13.1}% 110
\BOOKMARK [3][-]{subsubsection.13.13.1.5}{\376\377\000C\000r\000e\000a\000r\000\040\000n\000u\000e\000v\000o\000s\000\040\000d\000i\000r\000e\000c\000t\000o\000r\000i\000o\000s\000\040\000c\000o\000n\000\040\000e\000l\000\040\000c\000o\000m\000a\000n\000d\000o\000\040\000m\000k\000d\000i\000r}{subsection.13.13.1}% 111
\BOOKMARK [3][-]{subsubsection.13.13.1.6}{\376\377\000C\000r\000e\000a\000r\000\040\000a\000r\000c\000h\000i\000v\000o\000s\000\040\000c\000o\000n\000\040\000e\000l\000\040\000c\000o\000m\000a\000n\000d\000o\000\040\000t\000o\000u\000c\000h}{subsection.13.13.1}% 112
\BOOKMARK [3][-]{subsubsection.13.13.1.7}{\376\377\000C\000r\000e\000a\000r\000\040\000a\000r\000c\000h\000i\000v\000o\000s\000\040\000c\000o\000n\000\040\000e\000l\000\040\000c\000o\000m\000a\000n\000d\000o\000\040\000l\000s}{subsection.13.13.1}% 113
\BOOKMARK [3][-]{subsubsection.13.13.1.8}{\376\377\000V\000i\000s\000u\000a\000l\000i\000z\000a\000r\000\040\000a\000r\000c\000h\000i\000v\000o\000s\000\040\000d\000e\000\040\000t\000e\000x\000t\000o\000\040\000c\000o\000n\000\040\000g\000e\000d\000i\000t}{subsection.13.13.1}% 114
\BOOKMARK [2][-]{subsection.13.13.2}{\376\377\000E\000j\000e\000r\000c\000i\000c\000i\000o\000s}{section.13.13}% 115
\BOOKMARK [0][-]{chapter.14}{\376\377\000E\000l\000\040\000s\000o\000f\000t\000w\000a\000r\000e\000\040\000I\000R\000A\000F}{part.4}% 116
\BOOKMARK [1][-]{section.14.14}{\376\377\000I\000R\000A\000F\000\040\000e\000n\000\040\000G\000N\000U\000/\000L\000i\000n\000u\000x}{chapter.14}% 117
\BOOKMARK [2][-]{subsection.14.14.1}{\376\377\000I\000n\000s\000t\000a\000l\000a\000c\000i\000\363\000n\000\040\000u\000s\000a\000n\000d\000o\000\040\000I\000R\000A\000F\000-\000C\000o\000m\000m\000u\000n\000i\000t\000y}{section.14.14}% 118
\BOOKMARK [2][-]{subsection.14.14.2}{\376\377\000I\000n\000s\000t\000a\000l\000a\000c\000i\000\363\000n\000\040\000u\000s\000a\000n\000d\000o\000\040\000a\000s\000t\000r\000o\000c\000o\000n\000d\000a}{section.14.14}% 119
\BOOKMARK [2][-]{subsection.14.14.3}{\376\377\000L\000a\000n\000z\000a\000n\000d\000o\000\040\000l\000a\000\040\000i\000n\000t\000e\000r\000f\000a\000z}{section.14.14}% 120
\BOOKMARK [0][-]{chapter.15}{\376\377\000R\000e\000d\000u\000c\000c\000i\000\363\000n\000\040\000d\000e\000\040\000d\000a\000t\000o\000s\000\040\000c\000o\000n\000\040\000I\000R\000A\000F}{part.4}% 121
\BOOKMARK [1][-]{section.15.15}{\376\377\000C\000o\000m\000b\000i\000n\000a\000n\000d\000o\000\040\000i\000m\000\341\000g\000e\000n\000e\000s}{chapter.15}% 122
\BOOKMARK [2][-]{subsection.15.15.1}{\376\377\000C\000r\000e\000a\000n\000d\000o\000\040\000u\000n\000\040\000a\000r\000c\000h\000i\000v\000o\000\040\000m\000a\000s\000t\000e\000r\000\040\000b\000i\000a\000s}{section.15.15}% 123
\BOOKMARK [2][-]{subsection.15.15.2}{\376\377\000C\000r\000e\000a\000n\000d\000o\000\040\000u\000n\000\040\000a\000r\000c\000h\000i\000v\000o\000\040\000m\000a\000s\000t\000e\000r\000\040\000f\000l\000a\000t}{section.15.15}% 124
\BOOKMARK [0][-]{chapter.16}{\376\377\000C\000a\000l\000i\000b\000r\000a\000c\000i\000\363\000n\000\040\000f\000i\000n\000a\000l\000\040\000c\000o\000n\000\040\000I\000R\000A\000F}{part.4}% 125
\BOOKMARK [1][-]{section.16.16}{\376\377\000C\000a\000l\000i\000b\000r\000a\000c\000i\000\363\000n\000\040\000d\000e\000\040\000i\000m\000\341\000g\000e\000n\000e\000s}{chapter.16}% 126
\BOOKMARK [2][-]{subsection.16.16.1}{\376\377\000I\000m\000\341\000g\000e\000n\000e\000s\000\040\000d\000e\000\040\000o\000b\000j\000e\000t\000o}{section.16.16}% 127
\BOOKMARK [2][-]{subsection.16.16.2}{\376\377\000E\000j\000e\000r\000c\000i\000c\000i\000o\000s}{section.16.16}% 128
